<?xml version="1.0" encoding="UTF-8"?>
<robot generator="Robot 4.1.2 (Python 3.10.0 on win32)" generated="20211206 16:22:50.956" rpa="false" schemaversion="2">
<suite id="s1" name="Main" source="C:\Users\jagibson\Prog_Projects\front_office\Tests\main.robot">
<kw name="Init Suite" library="common" type="SETUP">
<kw name="Log" library="BuiltIn">
<arg>I am initializing a web suite.</arg>
<doc>Logs the given message with the given level.</doc>
<msg timestamp="20211206 16:22:51.167" level="INFO">I am initializing a web suite.</msg>
<status status="PASS" starttime="20211206 16:22:51.167" endtime="20211206 16:22:51.167"/>
</kw>
<status status="PASS" starttime="20211206 16:22:51.167" endtime="20211206 16:22:51.167"/>
</kw>
<test id="s1-t1" name="Ensure the &quot;Team&quot; page loads properly">
<kw name="Begin Web Test" library="common.web" type="SETUP">
<arg>${BROWSER}</arg>
<kw name="Open Browser" library="SeleniumLibrary">
<arg>about:blank</arg>
<arg>${browser}</arg>
<doc>Opens a new browser instance to the optional ``url``.</doc>
<msg timestamp="20211206 16:22:51.169" level="INFO">Opening browser 'chrome' to base url 'about:blank'.</msg>
<status status="PASS" starttime="20211206 16:22:51.168" endtime="20211206 16:22:52.472"/>
</kw>
<kw name="Maximize Browser Window" library="SeleniumLibrary">
<doc>Maximizes current browser window.</doc>
<status status="PASS" starttime="20211206 16:22:52.472" endtime="20211206 16:22:52.593"/>
</kw>
<status status="PASS" starttime="20211206 16:22:51.168" endtime="20211206 16:22:52.593"/>
</kw>
<kw name="Log" library="BuiltIn">
<arg>I am doing test case 1</arg>
<doc>Logs the given message with the given level.</doc>
<msg timestamp="20211206 16:22:52.593" level="INFO">I am doing test case 1</msg>
<status status="PASS" starttime="20211206 16:22:52.593" endtime="20211206 16:22:52.593"/>
</kw>
<kw name="Navigate To Website" library="web.gui">
<arg>${URL}</arg>
<kw name="Load" library="landing-page">
<arg>${url}</arg>
<kw name="Go To" library="SeleniumLibrary">
<arg>${url}</arg>
<doc>Navigates the current browser window to the provided ``url``.</doc>
<msg timestamp="20211206 16:22:52.594" level="INFO">Opening url 'https://www.robotframeworktutorial.com/front-office'</msg>
<status status="PASS" starttime="20211206 16:22:52.594" endtime="20211206 16:22:56.193"/>
</kw>
<status status="PASS" starttime="20211206 16:22:52.594" endtime="20211206 16:22:56.193"/>
</kw>
<kw name="Verify Page Loaded" library="landing-page">
<kw name="Wait Until Page Contains" library="SeleniumLibrary">
<arg>${LANDING_PAGE_WELCOME_MSG_1}</arg>
<doc>Waits until ``text`` appears on the current page.</doc>
<status status="PASS" starttime="20211206 16:22:56.193" endtime="20211206 16:22:56.204"/>
</kw>
<kw name="Wait Until Page Contains" library="SeleniumLibrary">
<arg>${LANDING_PAGE_WELCOME_MSG_2}</arg>
<doc>Waits until ``text`` appears on the current page.</doc>
<status status="PASS" starttime="20211206 16:22:56.204" endtime="20211206 16:22:56.212"/>
</kw>
<status status="PASS" starttime="20211206 16:22:56.193" endtime="20211206 16:22:56.212"/>
</kw>
<status status="PASS" starttime="20211206 16:22:52.594" endtime="20211206 16:22:56.212"/>
</kw>
<kw name="Go To &quot;Team&quot; Page" library="web.gui">
<kw name="Click &quot;Team&quot; Link" library="top-nav">
<kw name="Click Link" library="SeleniumLibrary">
<arg>${TOP_NAV_TEAM_LINK}</arg>
<doc>Clicks a link identified by ``locator``.</doc>
<msg timestamp="20211206 16:22:56.213" level="INFO">Clicking link 'xpath=//*[@id="bs-example-navbar-collapse-1"]/ul/li[5]/a'.</msg>
<status status="PASS" starttime="20211206 16:22:56.213" endtime="20211206 16:22:56.248"/>
</kw>
<status status="PASS" starttime="20211206 16:22:56.213" endtime="20211206 16:22:56.248"/>
</kw>
<kw name="Verify Page Loaded" library="team">
<kw name="Wait Until Page Contains Element" library="SeleniumLibrary">
<arg>${TEAM_HEADER_ELEMENT}</arg>
<doc>Waits until the element ``locator`` appears on the current page.</doc>
<status status="PASS" starttime="20211206 16:22:56.249" endtime="20211206 16:22:56.256"/>
</kw>
<status status="PASS" starttime="20211206 16:22:56.248" endtime="20211206 16:22:56.256"/>
</kw>
<status status="PASS" starttime="20211206 16:22:56.212" endtime="20211206 16:22:56.257"/>
</kw>
<kw name="Validate &quot;Team&quot; Page" library="web.gui">
<kw name="Validate Page Content" library="team">
<kw name="Get Text" library="SeleniumLibrary">
<var>${element_text}</var>
<arg>${TEAM_HEADER_ELEMENT}</arg>
<doc>Returns the text value of the element identified by ``locator``.</doc>
<msg timestamp="20211206 16:22:56.276" level="INFO">${element_text} = OUR AMAZING TEAM</msg>
<status status="PASS" starttime="20211206 16:22:56.257" endtime="20211206 16:22:56.276"/>
</kw>
<kw name="Should Be Equal As Strings" library="BuiltIn">
<arg>${element_text}</arg>
<arg>${TEAM_HEADER_RAW_TEXT}</arg>
<arg>ignore_case=true</arg>
<doc>Fails if objects are unequal after converting them to strings.</doc>
<status status="PASS" starttime="20211206 16:22:56.276" endtime="20211206 16:22:56.276"/>
</kw>
<status status="PASS" starttime="20211206 16:22:56.257" endtime="20211206 16:22:56.277"/>
</kw>
<status status="PASS" starttime="20211206 16:22:56.257" endtime="20211206 16:22:56.277"/>
</kw>
<kw name="Pause" library="common">
<kw name="Sleep" library="BuiltIn">
<arg>3s</arg>
<doc>Pauses the test executed for the given time.</doc>
<msg timestamp="20211206 16:22:59.279" level="INFO">Slept 3 seconds</msg>
<status status="PASS" starttime="20211206 16:22:56.277" endtime="20211206 16:22:59.279"/>
</kw>
<status status="PASS" starttime="20211206 16:22:56.277" endtime="20211206 16:22:59.279"/>
</kw>
<kw name="End Web Test" library="common.web" type="TEARDOWN">
<kw name="Close Browser" library="SeleniumLibrary">
<doc>Closes the current browser.</doc>
<status status="PASS" starttime="20211206 16:22:59.280" endtime="20211206 16:23:01.393"/>
</kw>
<status status="PASS" starttime="20211206 16:22:59.279" endtime="20211206 16:23:01.394"/>
</kw>
<doc>Make sure that the "Team" link in the top nav works as expected.</doc>
<tag>Team</tag>
<status status="PASS" starttime="20211206 16:22:51.167" endtime="20211206 16:23:01.394"/>
</test>
<kw name="Clean Suite" library="common" type="TEARDOWN">
<kw name="Log" library="BuiltIn">
<arg>I am cleaning up a web suite.</arg>
<doc>Logs the given message with the given level.</doc>
<msg timestamp="20211206 16:23:01.396" level="INFO">I am cleaning up a web suite.</msg>
<status status="PASS" starttime="20211206 16:23:01.396" endtime="20211206 16:23:01.396"/>
</kw>
<status status="PASS" starttime="20211206 16:23:01.396" endtime="20211206 16:23:01.396"/>
</kw>
<doc>Main suite for testing the dummy "Front Office" web app from https://robotframeworktutorial.com/front-office</doc>
<status status="PASS" starttime="20211206 16:22:50.957" endtime="20211206 16:23:01.396"/>
</suite>
<statistics>
<total>
<stat pass="1" fail="0" skip="0">All Tests</stat>
</total>
<tag>
<stat pass="1" fail="0" skip="0">Team</stat>
</tag>
<suite>
<stat pass="1" fail="0" skip="0" id="s1" name="Main">Main</stat>
</suite>
</statistics>
<errors>
</errors>
</robot>
